<?xml version="1.0" encoding="utf-8"?>
<test-run id="2" testcasecount="13" result="Passed" total="13" passed="13" failed="0" inconclusive="0" skipped="0" asserts="0" engine-version="3.5.0.0" clr-version="4.0.30319.42000" start-time="2026-09-16 00:48:25Z" end-time="2026-09-16 00:48:25Z" duration="0.0501506">
  <test-suite type="TestSuite" id="1000" name="Prueba_Unity" fullname="Prueba_Unity" runstate="Runnable" testcasecount="13" result="Passed" start-time="2026-09-16 00:48:25Z" end-time="2026-09-16 00:48:25Z" duration="0.050151" total="13" passed="13" failed="0" inconclusive="0" skipped="0" asserts="0">
    <properties>
      <property name="platform" value="EditMode" />
    </properties>
    <test-suite type="Assembly" id="1017" name="PanelDeNotas.EditModeTests.dll" fullname="D:/UnityProjects/Prueba_Unity/Library/ScriptAssemblies/PanelDeNotas.EditModeTests.dll" runstate="Runnable" testcasecount="13" result="Passed" start-time="2026-09-16 00:48:25Z" end-time="2026-09-16 00:48:25Z" duration="0.042497" total="13" passed="13" failed="0" inconclusive="0" skipped="0" asserts="0">
      <properties>
        <property name="_PID" value="10248" />
        <property name="_APPDOMAIN" value="Unity Child Domain" />
        <property name="platform" value="EditMode" />
        <property name="EditorOnly" value="True" />
      </properties>
      <test-suite type="TestFixture" id="1001" name="GradeValidationServiceTests" fullname="GradeValidationServiceTests" classname="GradeValidationServiceTests" runstate="Runnable" testcasecount="6" result="Passed" start-time="2026-09-16 00:48:25Z" end-time="2026-09-16 00:48:25Z" duration="0.027067" total="6" passed="6" failed="0" inconclusive="0" skipped="0" asserts="0">
        <properties />
        <test-case id="1007" name="MatchesMarkedStatus_MarkedDoesNotMatchActualGrade_ReturnsFalse" fullname="GradeValidationServiceTests.MatchesMarkedStatus_MarkedDoesNotMatchActualGrade_ReturnsFalse" methodname="MatchesMarkedStatus_MarkedDoesNotMatchActualGrade_ReturnsFalse" classname="GradeValidationServiceTests" runstate="Runnable" seed="453725847" result="Passed" start-time="2026-09-16 00:48:25Z" end-time="2026-09-16 00:48:25Z" duration="0.011031" asserts="0">
          <properties>
            <property name="retryIteration" value="0" />
            <property name="repeatIteration" value="0" />
          </properties>
        </test-case>
        <test-case id="1006" name="MatchesMarkedStatus_MarkedMatchesActualGrade_ReturnsTrue" fullname="GradeValidationServiceTests.MatchesMarkedStatus_MarkedMatchesActualGrade_ReturnsTrue" methodname="MatchesMarkedStatus_MarkedMatchesActualGrade_ReturnsTrue" classname="GradeValidationServiceTests" runstate="Runnable" seed="700139634" result="Passed" start-time="2026-09-16 00:48:25Z" end-time="2026-09-16 00:48:25Z" duration="0.000331" asserts="0">
          <properties>
            <property name="retryIteration" value="0" />
            <property name="repeatIteration" value="0" />
          </properties>
        </test-case>
        <test-case id="1002" name="Passes_GradeEqualsThreshold_ReturnsTrue" fullname="GradeValidationServiceTests.Passes_GradeEqualsThreshold_ReturnsTrue" methodname="Passes_GradeEqualsThreshold_ReturnsTrue" classname="GradeValidationServiceTests" runstate="Runnable" seed="1597139561" result="Passed" start-time="2026-09-16 00:48:25Z" end-time="2026-09-16 00:48:25Z" duration="0.000172" asserts="0">
          <properties>
            <property name="retryIteration" value="0" />
            <property name="repeatIteration" value="0" />
          </properties>
        </test-case>
        <test-case id="1003" name="Passes_GradeJustBelowThreshold_ReturnsFalse" fullname="GradeValidationServiceTests.Passes_GradeJustBelowThreshold_ReturnsFalse" methodname="Passes_GradeJustBelowThreshold_ReturnsFalse" classname="GradeValidationServiceTests" runstate="Runnable" seed="1834388662" result="Passed" start-time="2026-09-16 00:48:25Z" end-time="2026-09-16 00:48:25Z" duration="0.000161" asserts="0">
          <properties>
            <property name="retryIteration" value="0" />
            <property name="repeatIteration" value="0" />
          </properties>
        </test-case>
        <test-case id="1005" name="Passes_MaximumGrade_ReturnsTrue" fullname="GradeValidationServiceTests.Passes_MaximumGrade_ReturnsTrue" methodname="Passes_MaximumGrade_ReturnsTrue" classname="GradeValidationServiceTests" runstate="Runnable" seed="1013198619" result="Passed" start-time="2026-09-16 00:48:25Z" end-time="2026-09-16 00:48:25Z" duration="0.000155" asserts="0">
          <properties>
            <property name="retryIteration" value="0" />
            <property name="repeatIteration" value="0" />
          </properties>
        </test-case>
        <test-case id="1004" name="Passes_MinimumGrade_ReturnsFalse" fullname="GradeValidationServiceTests.Passes_MinimumGrade_ReturnsFalse" methodname="Passes_MinimumGrade_ReturnsFalse" classname="GradeValidationServiceTests" runstate="Runnable" seed="1947700293" result="Passed" start-time="2026-09-16 00:48:25Z" end-time="2026-09-16 00:48:25Z" duration="0.000160" asserts="0">
          <properties>
            <property name="retryIteration" value="0" />
            <property name="repeatIteration" value="0" />
          </properties>
        </test-case>
      </test-suite>
      <test-suite type="TestFixture" id="1008" name="JsonUtilityDeserializerTests" fullname="JsonUtilityDeserializerTests" classname="JsonUtilityDeserializerTests" runstate="Runnable" testcasecount="2" result="Passed" start-time="2026-09-16 00:48:25Z" end-time="2026-09-16 00:48:25Z" duration="0.004495" total="2" passed="2" failed="0" inconclusive="0" skipped="0" asserts="0">
        <properties />
        <test-case id="1010" name="TryDeserialize_InvalidJson_ReturnsFalse" fullname="JsonUtilityDeserializerTests.TryDeserialize_InvalidJson_ReturnsFalse" methodname="TryDeserialize_InvalidJson_ReturnsFalse" classname="JsonUtilityDeserializerTests" runstate="Runnable" seed="1308510358" result="Passed" start-time="2026-09-16 00:48:25Z" end-time="2026-09-16 00:48:25Z" duration="0.001656" asserts="0">
          <properties>
            <property name="retryIteration" value="0" />
            <property name="repeatIteration" value="0" />
          </properties>
          <output><![CDATA[JsonUtilityDeserializer: failed to parse JSON: JSON parse error: Missing a name for object member.
]]></output>
        </test-case>
        <test-case id="1009" name="TryDeserialize_ValidJson_ReturnsTrueAndPopulatedObject" fullname="JsonUtilityDeserializerTests.TryDeserialize_ValidJson_ReturnsTrueAndPopulatedObject" methodname="TryDeserialize_ValidJson_ReturnsTrueAndPopulatedObject" classname="JsonUtilityDeserializerTests" runstate="Runnable" seed="1812059869" result="Passed" start-time="2026-09-16 00:48:25Z" end-time="2026-09-16 00:48:25Z" duration="0.002368" asserts="0">
          <properties>
            <property name="retryIteration" value="0" />
            <property name="repeatIteration" value="0" />
          </properties>
        </test-case>
      </test-suite>
      <test-suite type="TestFixture" id="1011" name="StudentRepositoryTests" fullname="StudentRepositoryTests" classname="StudentRepositoryTests" runstate="Runnable" testcasecount="5" result="Passed" start-time="2026-09-16 00:48:25Z" end-time="2026-09-16 00:48:25Z" duration="0.009895" total="5" passed="5" failed="0" inconclusive="0" skipped="0" asserts="0">
        <properties />
        <test-case id="1012" name="Load_AllRecordsValid_LoadsAll" fullname="StudentRepositoryTests.Load_AllRecordsValid_LoadsAll" methodname="Load_AllRecordsValid_LoadsAll" classname="StudentRepositoryTests" runstate="Runnable" seed="1973244293" result="Passed" start-time="2026-09-16 00:48:25Z" end-time="2026-09-16 00:48:25Z" duration="0.002541" asserts="0">
          <properties>
            <property name="retryIteration" value="0" />
            <property name="repeatIteration" value="0" />
          </properties>
        </test-case>
        <test-case id="1016" name="Load_FileDoesNotExist_DoesNotThrowAndReturnsEmptyList" fullname="StudentRepositoryTests.Load_FileDoesNotExist_DoesNotThrowAndReturnsEmptyList" methodname="Load_FileDoesNotExist_DoesNotThrowAndReturnsEmptyList" classname="StudentRepositoryTests" runstate="Runnable" seed="1943536150" result="Passed" start-time="2026-09-16 00:48:25Z" end-time="2026-09-16 00:48:25Z" duration="0.004401" asserts="0">
          <properties>
            <property name="retryIteration" value="0" />
            <property name="repeatIteration" value="0" />
          </properties>
          <output><![CDATA[StudentRepository: could not read file at ruta/que/no/existe.json: Could not find a part of the path "D:\UnityProjects\Prueba_Unity\ruta\que\no\existe.json".
]]></output>
        </test-case>
        <test-case id="1014" name="Load_GradeOutOfRange_DiscardsAndContinues" fullname="StudentRepositoryTests.Load_GradeOutOfRange_DiscardsAndContinues" methodname="Load_GradeOutOfRange_DiscardsAndContinues" classname="StudentRepositoryTests" runstate="Runnable" seed="1206132503" result="Passed" start-time="2026-09-16 00:48:25Z" end-time="2026-09-16 00:48:25Z" duration="0.000586" asserts="0">
          <properties>
            <property name="retryIteration" value="0" />
            <property name="repeatIteration" value="0" />
          </properties>
          <output><![CDATA[StudentRepository: entry at index 0 (codigo=1) has an out-of-range notaFinal (6.5), skipping.
]]></output>
        </test-case>
        <test-case id="1015" name="Load_JsonNotParseable_DoesNotThrowAndReturnsEmptyList" fullname="StudentRepositoryTests.Load_JsonNotParseable_DoesNotThrowAndReturnsEmptyList" methodname="Load_JsonNotParseable_DoesNotThrowAndReturnsEmptyList" classname="StudentRepositoryTests" runstate="Runnable" seed="447418924" result="Passed" start-time="2026-09-16 00:48:25Z" end-time="2026-09-16 00:48:25Z" duration="0.000810" asserts="0">
          <properties>
            <property name="retryIteration" value="0" />
            <property name="repeatIteration" value="0" />
          </properties>
          <output><![CDATA[StudentRepository: could not parse students JSON.
]]></output>
        </test-case>
        <test-case id="1013" name="Load_RecordWithMissingField_DiscardsAndContinues" fullname="StudentRepositoryTests.Load_RecordWithMissingField_DiscardsAndContinues" methodname="Load_RecordWithMissingField_DiscardsAndContinues" classname="StudentRepositoryTests" runstate="Runnable" seed="1145766625" result="Passed" start-time="2026-09-16 00:48:25Z" end-time="2026-09-16 00:48:25Z" duration="0.000751" asserts="0">
          <properties>
            <property name="retryIteration" value="0" />
            <property name="repeatIteration" value="0" />
          </properties>
          <output><![CDATA[StudentRepository: entry at index 1 has a missing required field, skipping.
Saving results to: D:\UnityProjects\Prueba_Unity\test-results.xml
]]></output>
        </test-case>
      </test-suite>
    </test-suite>
  </test-suite>
</test-run>